Flutter crash report.
Please report a bug at https://github.com/flutter/flutter/issues.

## command

flutter run --machine --start-paused -d 00008110-0012195C0E84401E --devtools-server-address http://127.0.0.1:9100/ --target /Users/artem/Downloads/sem2/flutter_projects/rapid_gourmet/lib/main.dart

## exception

SocketException: SocketException: Send failed (OS Error: No route to host, errno = 65), address = 0.0.0.0, port = 5353

```
#0      _NativeSocket.send (dart:io-patch/socket_patch.dart:1275:34)
#1      _RawDatagramSocket.send (dart:io-patch/socket_patch.dart:2590:15)
#2      MDnsClient.lookup (package:multicast_dns/multicast_dns.dart:219:22)
#3      MDnsVmServiceDiscovery._pollingVmService (package:flutter_tools/src/mdns_discovery.dart:232:66)
<asynchronous suspension>
#4      MDnsVmServiceDiscovery.firstMatchingVmService (package:flutter_tools/src/mdns_discovery.dart:188:56)
<asynchronous suspension>
#5      MDnsVmServiceDiscovery.getVMServiceUriForLaunch (package:flutter_tools/src/mdns_discovery.dart:433:50)
<asynchronous suspension>
#6      Future.any.onValue (dart:async/future.dart:628:5)
<asynchronous suspension>
```

## flutter doctor

```
[✓] Flutter (Channel stable, 3.24.2, on macOS 15.1 24B83 darwin-arm64, locale ru-BY)
    • Flutter version 3.24.2 on channel stable at /Users/artem/Downloads/flutter
    • Upstream repository https://github.com/flutter/flutter.git
    • Framework revision 4cf269e36d (3 months ago), 2024-09-03 14:30:00 -0700
    • Engine revision a6bd3f1de1
    • Dart version 3.5.2
    • DevTools version 2.37.2

[✗] Android toolchain - develop for Android devices
    ✗ Unable to locate Android SDK.
      Install Android Studio from: https://developer.android.com/studio/index.html
      On first launch it will assist you in installing the Android SDK components.
      (or visit https://flutter.dev/to/macos-android-setup for detailed instructions).
      If the Android SDK has been installed to a custom location, please use
      `flutter config --android-sdk` to update to that location.


[✓] Xcode - develop for iOS and macOS (Xcode 16.1)
    • Xcode at /Applications/Xcode.app/Contents/Developer
    • Build 16B40
    • CocoaPods version 1.15.2

[✓] Chrome - develop for the web
    • CHROME_EXECUTABLE = /Applications/Google Chrome.app/Contents/MacOS/Google Chrome

[!] Android Studio (not installed)
    • Android Studio not found; download from https://developer.android.com/studio/index.html
      (or visit https://flutter.dev/to/macos-android-setup for detailed instructions).

[✓] VS Code (version 1.92.2)
    • VS Code at /Users/artem/Desktop/Visual Studio Code.app/Contents
    • Flutter extension version 3.100.0

[✓] Connected device (5 available)
    • iPhone (Artiom) (mobile)        • 00008110-0012195C0E84401E            • ios            • iOS 18.0 22A3354
    • iPhone 15 Plus (mobile)         • 516A3FB6-056B-47FB-A181-364A1B47070F • ios            • com.apple.CoreSimulator.SimRuntime.iOS-17-5 (simulator)
    • macOS (desktop)                 • macos                                • darwin-arm64   • macOS 15.1 24B83 darwin-arm64
    • Mac Designed for iPad (desktop) • mac-designed-for-ipad                • darwin         • macOS 15.1 24B83 darwin-arm64
    • Chrome (web)                    • chrome                               • web-javascript • Google Chrome 130.0.6723.117

[✓] Network resources
    • All expected network resources are available.

! Doctor found issues in 2 categories.
```
